<?xml version="1.0" encoding="UTF-8"?>
<testng-results ignored="0" total="1" passed="1" failed="0" skipped="0">
  <reporter-output>
  </reporter-output>
  <suite started-at="2025-09-30T18:03:14 IST" name="Default suite" finished-at="2025-09-30T18:04:48 IST" duration-ms="94081">
    <groups>
    </groups>
    <test started-at="2025-09-30T18:03:14 IST" name="Default test" finished-at="2025-09-30T18:04:48 IST" duration-ms="94081">
      <class name="finance.ddf_files.Web_Table_Excel_Table">
        <test-method is-config="true" signature="openbrowser()[pri:0, instance:finance.ddf_files.Web_Table_Excel_Table@752325ad]" started-at="2025-09-30T18:03:14 IST" name="openbrowser" finished-at="2025-09-30T18:03:19 IST" duration-ms="4496" status="PASS">
          <reporter-output>
          </reporter-output>
        </test-method> <!-- openbrowser -->
        <test-method signature="verify_webtable_data()[pri:0, instance:finance.ddf_files.Web_Table_Excel_Table@752325ad]" started-at="2025-09-30T18:03:19 IST" name="verify_webtable_data" finished-at="2025-09-30T18:04:47 IST" duration-ms="88558" status="PASS">
          <reporter-output>
          </reporter-output>
        </test-method> <!-- verify_webtable_data -->
        <test-method is-config="true" signature="closebrowser()[pri:0, instance:finance.ddf_files.Web_Table_Excel_Table@752325ad]" started-at="2025-09-30T18:04:47 IST" name="closebrowser" finished-at="2025-09-30T18:04:48 IST" duration-ms="962" status="PASS">
          <reporter-output>
          </reporter-output>
        </test-method> <!-- closebrowser -->
      </class> <!-- finance.ddf_files.Web_Table_Excel_Table -->
    </test> <!-- Default test -->
  </suite> <!-- Default suite -->
</testng-results>
